This file contains any messages produced by compilers while
running configure, to aid debugging if configure makes a mistake.

It was created by Mesa configure 7.7.0, which was
generated by GNU Autoconf 2.65.  Invocation command line was

  $ ./configure --prefix=/Users/edmcmanus/alchemy/v0.5/usr/local/ --disable-asm --with-driver=xlib enable_shared=no enable_static=yes

## --------- ##
## Platform. ##
## --------- ##

hostname = champ.local
uname -m = i386
uname -r = 6.2-RELEASE
uname -s = FreeBSD
uname -v = FreeBSD 6.2-RELEASE #0: Fri Jan 12 10:40:27 UTC 2007     root@dessler.cse.buffalo.edu:/usr/obj/usr/src/sys/GENERIC 

/usr/bin/uname -p = i386
/bin/uname -X     = unknown

/bin/arch              = unknown
/usr/bin/arch -k       = unknown
/usr/convex/getsysinfo = unknown
/usr/bin/hostinfo      = Mach kernel version:
	 Darwin Kernel Version 10.2.0: Tue Nov  3 10:37:10 PST 2009; root:xnu-1486.2.11~1/RELEASE_I386
Kernel configured for up to 2 processors.
2 processors are physically available.
2 processors are logically available.
Processor type: i486 (Intel 80486)
Processors active: 0 1
Primary memory available: 8.00 gigabytes
Default processor set: 92 tasks, 428 threads, 2 processors
Load average: 1.97, Mach factor: 0.65
/bin/machine           = unknown
/usr/bin/oslevel       = unknown
/bin/universe          = unknown

PATH: /Users/edmcmanus/alchemy/v0.5/achacks
PATH: /opt/local/bin
PATH: /opt/local/sbin
PATH: /Users/edmcmanus/.gem/ruby/1.8/bin
PATH: /usr/local/soylatte16-i386/bin
PATH: /usr/local/Trolltech/Qt-4.4.3/bin
PATH: /Applications/Flex/bin
PATH: /usr/local/sphinx/bin
PATH: /opt/local/lib/postgresql83/bin
PATH: /opt/local/bin
PATH: /opt/local/sbin
PATH: /usr/local/mysql/bin
PATH: /Users/edmcmanus/alchemy/v0.5/bin
PATH: /usr/bin
PATH: /bin
PATH: /usr/sbin
PATH: /sbin
PATH: /usr/local/bin
PATH: /usr/X11/bin
PATH: /usr/local/sphinx/bin
PATH: /Users/edmcmanus/Code/ioke/bin


## ----------- ##
## Core tests. ##
## ----------- ##

configure:2429: checking build system type
configure:2443: result: i386-unknown-freebsd6.2
configure:2463: checking host system type
configure:2476: result: i386-unknown-freebsd6.2
configure:2549: checking for gcc
configure:2565: found /Users/edmcmanus/alchemy/v0.5/achacks/gcc
configure:2576: result: gcc
configure:2805: checking for C compiler version
configure:2814: gcc --version >&5
llvm-gcc (GCC) 4.0.1 (Apple Computer, Inc. build 5449)(LLVM build 2.1)
Copyright (C) 2005 Free Software Foundation, Inc.
This is free software; see the source for copying conditions.  There is NO
warranty; not even for MERCHANTABILITY or FITNESS FOR A PARTICULAR PURPOSE.

configure:2825: $? = 0
configure:2814: gcc -v >&5
Using built-in specs.
Target: i686-apple-darwin8
Configured with: ../src/configure --prefix=/Users/lattner/2.1/llvm-gcc4.0-2.1.source/obj/../install --program-prefix=llvm- --enable-llvm=/Users/lattner/2.1/llvm-2.1 --enable-languages=c,c++,objc,obj-c++ --with-arch=nocona --with-tune=generic --build=i686-apple-darwin8 --host=i686-apple-darwin8 --target=i686-apple-darwin8 --with-gxx-include-dir=/usr/include/c++/4.0.0
Thread model: posix
gcc version 4.0.1 (Apple Computer, Inc. build 5449)(LLVM build 2.1)
configure:2825: $? = 0
configure:2814: gcc -V >&5
configure:2825: $? = 0
configure:2814: gcc -qversion >&5
configure:2825: $? = 0
configure:2845: checking whether the C compiler works
configure:2867: gcc -emit-llvm  -emit-llvm conftest.c  >&5
WARNING: While resolving call to function 'main' arguments were dropped!

62263.achacks.swf, 256802 bytes written
configure:2871: $? = 0
configure:2920: result: yes
configure:2923: checking for C compiler default output file name
configure:2925: result: a.exe
configure:2931: checking for suffix of executables
configure:2938: gcc -o conftest.exe -emit-llvm  -emit-llvm conftest.c  >&5
WARNING: While resolving call to function 'main' arguments were dropped!

62362.achacks.swf, 257909 bytes written
configure:2942: $? = 0
configure:2964: result: .exe
configure:2986: checking whether we are cross compiling
configure:2994: gcc -o conftest.exe -emit-llvm  -emit-llvm conftest.c  >&5
WARNING: While resolving call to function 'main' arguments were dropped!

62465.achacks.swf, 264980 bytes written
configure:2998: $? = 0
configure:3005: ./conftest.exe
configure:3009: $? = 0
configure:3024: result: no
configure:3029: checking for suffix of object files
configure:3051: gcc -c -emit-llvm  conftest.c >&5
configure:3055: $? = 0
configure:3076: result: o
configure:3080: checking whether we are using the GNU C compiler
configure:3099: gcc -c -emit-llvm  conftest.c >&5
configure:3099: $? = 0
configure:3108: result: yes
configure:3117: checking whether gcc accepts -g
configure:3137: gcc -c -g  conftest.c >&5
configure:3137: $? = 0
configure:3178: result: yes
configure:3195: checking for gcc option to accept ISO C89
configure:3259: gcc  -c -emit-llvm  conftest.c >&5
configure:3259: $? = 0
configure:3272: result: none needed
configure:3297: checking how to run the C preprocessor
configure:3328: gcc -E  conftest.c
configure:3328: $? = 0
configure:3342: gcc -E  conftest.c
conftest.c:9:28: error: ac_nonexistent.h: No such file or directory
configure:3342: $? = 0
configure:3328: gcc -E  conftest.c
configure:3328: $? = 0
configure:3342: gcc -E  conftest.c
conftest.c:9:28: error: ac_nonexistent.h: No such file or directory
configure:3342: $? = 0
configure: failed program was:
| /* confdefs.h */
| #define PACKAGE_NAME "Mesa"
| #define PACKAGE_TARNAME "mesa"
| #define PACKAGE_VERSION "7.7.0"
| #define PACKAGE_STRING "Mesa 7.7.0"
| #define PACKAGE_BUGREPORT "https://bugs.freedesktop.org/enter_bug.cgi?product=Mesa"
| #define PACKAGE_URL ""
| /* end confdefs.h.  */
| #include <ac_nonexistent.h>
configure:3367: result: gcc -E
configure:3387: gcc -E  conftest.c
configure:3387: $? = 0
configure:3401: gcc -E  conftest.c
conftest.c:9:28: error: ac_nonexistent.h: No such file or directory
configure:3401: $? = 0
configure:3387: gcc -E  conftest.c
configure:3387: $? = 0
configure:3401: gcc -E  conftest.c
conftest.c:9:28: error: ac_nonexistent.h: No such file or directory
configure:3401: $? = 0
configure: failed program was:
| /* confdefs.h */
| #define PACKAGE_NAME "Mesa"
| #define PACKAGE_TARNAME "mesa"
| #define PACKAGE_VERSION "7.7.0"
| #define PACKAGE_STRING "Mesa 7.7.0"
| #define PACKAGE_BUGREPORT "https://bugs.freedesktop.org/enter_bug.cgi?product=Mesa"
| #define PACKAGE_URL ""
| /* end confdefs.h.  */
| #include <ac_nonexistent.h>
configure:3477: checking for gcc
configure:3504: result: gcc
configure:3733: checking for C compiler version
configure:3742: gcc --version >&5
llvm-gcc (GCC) 4.0.1 (Apple Computer, Inc. build 5449)(LLVM build 2.1)
Copyright (C) 2005 Free Software Foundation, Inc.
This is free software; see the source for copying conditions.  There is NO
warranty; not even for MERCHANTABILITY or FITNESS FOR A PARTICULAR PURPOSE.

configure:3753: $? = 0
configure:3742: gcc -v >&5
Using built-in specs.
Target: i686-apple-darwin8
Configured with: ../src/configure --prefix=/Users/lattner/2.1/llvm-gcc4.0-2.1.source/obj/../install --program-prefix=llvm- --enable-llvm=/Users/lattner/2.1/llvm-2.1 --enable-languages=c,c++,objc,obj-c++ --with-arch=nocona --with-tune=generic --build=i686-apple-darwin8 --host=i686-apple-darwin8 --target=i686-apple-darwin8 --with-gxx-include-dir=/usr/include/c++/4.0.0
Thread model: posix
gcc version 4.0.1 (Apple Computer, Inc. build 5449)(LLVM build 2.1)
configure:3753: $? = 0
configure:3742: gcc -V >&5
configure:3753: $? = 0
configure:3742: gcc -qversion >&5
configure:3753: $? = 0
configure:3757: checking whether we are using the GNU C compiler
configure:3785: result: yes
configure:3794: checking whether gcc accepts -g
configure:3855: result: yes
configure:3872: checking for gcc option to accept ISO C89
configure:3949: result: none needed
configure:4027: checking for g++
configure:4043: found /Users/edmcmanus/alchemy/v0.5/achacks/g++
configure:4054: result: g++
configure:4081: checking for C++ compiler version
configure:4090: g++ --version >&5
llvm-g++ (GCC) 4.0.1 (Apple Computer, Inc. build 5449)(LLVM build 2.1)
Copyright (C) 2005 Free Software Foundation, Inc.
This is free software; see the source for copying conditions.  There is NO
warranty; not even for MERCHANTABILITY or FITNESS FOR A PARTICULAR PURPOSE.

configure:4101: $? = 0
configure:4090: g++ -v >&5
Using built-in specs.
Target: i686-apple-darwin8
Configured with: ../src/configure --prefix=/Users/lattner/2.1/llvm-gcc4.0-2.1.source/obj/../install --program-prefix=llvm- --enable-llvm=/Users/lattner/2.1/llvm-2.1 --enable-languages=c,c++,objc,obj-c++ --with-arch=nocona --with-tune=generic --build=i686-apple-darwin8 --host=i686-apple-darwin8 --target=i686-apple-darwin8 --with-gxx-include-dir=/usr/include/c++/4.0.0
Thread model: posix
gcc version 4.0.1 (Apple Computer, Inc. build 5449)(LLVM build 2.1)
configure:4101: $? = 0
configure:4090: g++ -V >&5
configure:4101: $? = 0
configure:4090: g++ -qversion >&5
configure:4101: $? = 0
configure:4105: checking whether we are using the GNU C++ compiler
configure:4124: g++ -c   conftest.cpp >&5
configure:4124: $? = 0
configure:4133: result: yes
configure:4142: checking whether g++ accepts -g
configure:4162: g++ -c -g  conftest.cpp >&5
configure:4162: $? = 0
configure:4203: result: yes
configure:4230: checking for gmake
configure:4260: result: no
configure:4230: checking for make
configure:4246: found /usr/bin/make
configure:4257: result: make
configure:4270: checking for makedepend
configure:4288: found /usr/X11/bin/makedepend
configure:4300: result: /usr/X11/bin/makedepend
configure:4310: checking for sed
configure:4328: found /usr/bin/sed
configure:4340: result: /usr/bin/sed
configure:4363: checking for a BSD-compatible install
configure:4431: result: /Users/edmcmanus/alchemy/v0.5/achacks/install -c
configure:4559: checking for pkg-config
configure:4577: found /opt/local/bin/pkg-config
configure:4589: result: /opt/local/bin/pkg-config
configure:4614: checking pkg-config is at least version 0.9.0
configure:4617: result: yes
configure:4820: checking whether to enable assembly
configure:4822: result: no
configure:5013: checking for dlopen
configure:5013: gcc -o conftest.exe -emit-llvm -Wall -Wmissing-prototypes -std=c99 -ffast-math -fno-strict-aliasing  -emit-llvm conftest.c  >&5
In file included from <command line>:1:
/Users/edmcmanus/alchemy/v0.5/avm2-libc/avm2/AVM2Env.h:1128:8: warning: undefining "__STDC_VERSION__"
WARNING: While resolving call to function 'main' arguments were dropped!

63241.achacks.swf, 258269 bytes written
configure:5013: $? = 0
configure:5013: result: yes
configure:5060: checking for posix_memalign
configure:5060: gcc -o conftest.exe -emit-llvm -Wall -Wmissing-prototypes -std=c99 -ffast-math -fno-strict-aliasing  -emit-llvm conftest.c  >&5
In file included from <command line>:1:
/Users/edmcmanus/alchemy/v0.5/avm2-libc/avm2/AVM2Env.h:1128:8: warning: undefining "__STDC_VERSION__"
WARNING: While resolving call to function 'main' arguments were dropped!

63366.achacks.swf, 258043 bytes written
configure:5060: $? = 0
configure:5060: result: yes
configure:5501: checking pkg-config files for X11 are available
configure:5504: $PKG_CONFIG --exists --print-errors "x11"
Package x11 was not found in the pkg-config search path.
Perhaps you should add the directory containing `x11.pc'
to the PKG_CONFIG_PATH environment variable
No package 'x11' found
configure:5507: $? = 1
configure:5518: result: no
configure:5524: checking for X
configure:5632: gcc -E  conftest.c
conftest.c:9:22: error: X11/Xlib.h: No such file or directory
configure:5632: $? = 0
configure: failed program was:
| /* confdefs.h */
| #define PACKAGE_NAME "Mesa"
| #define PACKAGE_TARNAME "mesa"
| #define PACKAGE_VERSION "7.7.0"
| #define PACKAGE_STRING "Mesa 7.7.0"
| #define PACKAGE_BUGREPORT "https://bugs.freedesktop.org/enter_bug.cgi?product=Mesa"
| #define PACKAGE_URL ""
| /* end confdefs.h.  */
| #include <X11/Xlib.h>
configure:5663: gcc -o conftest.exe -emit-llvm -Wall -Wmissing-prototypes -std=c99 -ffast-math -fno-strict-aliasing  -emit-llvm conftest.c -lX11  >&5
In file included from <command line>:1:
/Users/edmcmanus/alchemy/v0.5/avm2-libc/avm2/AVM2Env.h:1128:8: warning: undefining "__STDC_VERSION__"
conftest.c:9:22: error: X11/Xlib.h: No such file or directory
conftest.c: In function 'main':
conftest.c:13: warning: implicit declaration of function 'XrmInitialize'
configure:5663: $? = 0
configure: failed program was:
| /* confdefs.h */
| #define PACKAGE_NAME "Mesa"
| #define PACKAGE_TARNAME "mesa"
| #define PACKAGE_VERSION "7.7.0"
| #define PACKAGE_STRING "Mesa 7.7.0"
| #define PACKAGE_BUGREPORT "https://bugs.freedesktop.org/enter_bug.cgi?product=Mesa"
| #define PACKAGE_URL ""
| /* end confdefs.h.  */
| #include <X11/Xlib.h>
| int
| main ()
| {
| XrmInitialize ()
|   ;
|   return 0;
| }
configure:5713: result: libraries /usr/X11/lib, headers /usr/X11/include
configure:5733: checking whether -R must be followed by a space
configure:5749: gcc -o conftest.exe -emit-llvm -Wall -Wmissing-prototypes -std=c99 -ffast-math -fno-strict-aliasing  -emit-llvm conftest.c  -R/usr/X11/lib >&5
llvm-gcc: unrecognized option '-R/Users/edmcmanus/alchemy/v0.5/usr/X11/lib'
In file included from <command line>:1:
/Users/edmcmanus/alchemy/v0.5/avm2-libc/avm2/AVM2Env.h:1128:8: warning: undefining "__STDC_VERSION__"
WARNING: While resolving call to function 'main' arguments were dropped!

63595.achacks.swf, 257909 bytes written
configure:5749: $? = 0
configure: failed program was:
| /* confdefs.h */
| #define PACKAGE_NAME "Mesa"
| #define PACKAGE_TARNAME "mesa"
| #define PACKAGE_VERSION "7.7.0"
| #define PACKAGE_STRING "Mesa 7.7.0"
| #define PACKAGE_BUGREPORT "https://bugs.freedesktop.org/enter_bug.cgi?product=Mesa"
| #define PACKAGE_URL ""
| /* end confdefs.h.  */
| 
| int
| main ()
| {
| 
|   ;
|   return 0;
| }
configure:5766: gcc -o conftest.exe -emit-llvm -Wall -Wmissing-prototypes -std=c99 -ffast-math -fno-strict-aliasing  -emit-llvm conftest.c  -R /usr/X11/lib >&5
llvm-gcc: /Users/edmcmanus/alchemy/v0.5/usr/X11/lib: No such file or directory
llvm-gcc: unrecognized option '-R'
In file included from <command line>:1:
/Users/edmcmanus/alchemy/v0.5/avm2-libc/avm2/AVM2Env.h:1128:8: warning: undefining "__STDC_VERSION__"
configure:5766: $? = 0
configure: failed program was:
| /* confdefs.h */
| #define PACKAGE_NAME "Mesa"
| #define PACKAGE_TARNAME "mesa"
| #define PACKAGE_VERSION "7.7.0"
| #define PACKAGE_STRING "Mesa 7.7.0"
| #define PACKAGE_BUGREPORT "https://bugs.freedesktop.org/enter_bug.cgi?product=Mesa"
| #define PACKAGE_URL ""
| /* end confdefs.h.  */
| 
| int
| main ()
| {
| 
|   ;
|   return 0;
| }
configure:5771: result: neither works
configure:5812: gcc -o conftest.exe -emit-llvm -Wall -Wmissing-prototypes -std=c99 -ffast-math -fno-strict-aliasing  -emit-llvm conftest.c   -L/usr/X11/lib -lX11 >&5
In file included from <command line>:1:
/Users/edmcmanus/alchemy/v0.5/avm2-libc/avm2/AVM2Env.h:1128:8: warning: undefining "__STDC_VERSION__"
find: /Users/edmcmanus/alchemy/v0.5/usr/X11/lib: No such file or directory
WARNING: While resolving call to function 'main' arguments were dropped!

63775.achacks.swf, 258041 bytes written
configure:5812: $? = 0
configure:5910: checking for gethostbyname
configure:5910: gcc -o conftest.exe -emit-llvm -Wall -Wmissing-prototypes -std=c99 -ffast-math -fno-strict-aliasing  -emit-llvm conftest.c  >&5
In file included from <command line>:1:
/Users/edmcmanus/alchemy/v0.5/avm2-libc/avm2/AVM2Env.h:1128:8: warning: undefining "__STDC_VERSION__"
WARNING: While resolving call to function 'main' arguments were dropped!

63901.achacks.swf, 258042 bytes written
configure:5910: $? = 0
configure:5910: result: yes
configure:6007: checking for connect
configure:6007: gcc -o conftest.exe -emit-llvm -Wall -Wmissing-prototypes -std=c99 -ffast-math -fno-strict-aliasing  -emit-llvm conftest.c  >&5
In file included from <command line>:1:
/Users/edmcmanus/alchemy/v0.5/avm2-libc/avm2/AVM2Env.h:1128:8: warning: undefining "__STDC_VERSION__"
WARNING: While resolving call to function 'main' arguments were dropped!

64024.achacks.swf, 258932 bytes written
configure:6007: $? = 0
configure:6007: result: yes
configure:6056: checking for remove
configure:6056: gcc -o conftest.exe -emit-llvm -Wall -Wmissing-prototypes -std=c99 -ffast-math -fno-strict-aliasing  -emit-llvm conftest.c  >&5
In file included from <command line>:1:
/Users/edmcmanus/alchemy/v0.5/avm2-libc/avm2/AVM2Env.h:1128:8: warning: undefining "__STDC_VERSION__"
WARNING: While resolving call to function 'main' arguments were dropped!

64149.achacks.swf, 261058 bytes written
configure:6056: $? = 0
configure:6056: result: yes
configure:6105: checking for shmat
configure:6105: gcc -o conftest.exe -emit-llvm -Wall -Wmissing-prototypes -std=c99 -ffast-math -fno-strict-aliasing  -emit-llvm conftest.c  >&5
In file included from <command line>:1:
/Users/edmcmanus/alchemy/v0.5/avm2-libc/avm2/AVM2Env.h:1128:8: warning: undefining "__STDC_VERSION__"
WARNING: While resolving call to function 'main' arguments were dropped!

64274.achacks.swf, 258034 bytes written
configure:6105: $? = 0
configure:6105: result: yes
configure:6163: checking for IceConnectionNumber in -lICE
configure:6188: gcc -o conftest.exe -emit-llvm -Wall -Wmissing-prototypes -std=c99 -ffast-math -fno-strict-aliasing  -emit-llvm -L/usr/X11/lib conftest.c -lICE   >&5
In file included from <command line>:1:
/Users/edmcmanus/alchemy/v0.5/avm2-libc/avm2/AVM2Env.h:1128:8: warning: undefining "__STDC_VERSION__"
find: /Users/edmcmanus/alchemy/v0.5/usr/X11/lib: No such file or directory
WARNING: While resolving call to function 'main' arguments were dropped!

64397.achacks.swf, 258048 bytes written
configure:6188: $? = 0
configure:6197: result: yes
configure:8148: creating ./config.status

## ---------------------- ##
## Running config.status. ##
## ---------------------- ##

This file was extended by Mesa config.status 7.7.0, which was
generated by GNU Autoconf 2.65.  Invocation command line was

  CONFIG_FILES    = 
  CONFIG_HEADERS  = 
  CONFIG_LINKS    = 
  CONFIG_COMMANDS = 
  $ ./config.status 

on champ.local

config.status:851: creating configs/autoconf
config.status:1008: executing configs commands

## ---------------- ##
## Cache variables. ##
## ---------------- ##

ac_cv_build=i386-unknown-freebsd6.2
ac_cv_c_compiler_gnu=yes
ac_cv_cxx_compiler_gnu=yes
ac_cv_env_ARCH_FLAGS_set=
ac_cv_env_ARCH_FLAGS_value=
ac_cv_env_CCC_set=
ac_cv_env_CCC_value=
ac_cv_env_CC_set=
ac_cv_env_CC_value=
ac_cv_env_CFLAGS_set=set
ac_cv_env_CFLAGS_value=-emit-llvm
ac_cv_env_CPPFLAGS_set=
ac_cv_env_CPPFLAGS_value=
ac_cv_env_CPP_set=
ac_cv_env_CPP_value=
ac_cv_env_CXXFLAGS_set=
ac_cv_env_CXXFLAGS_value=
ac_cv_env_CXX_set=
ac_cv_env_CXX_value=
ac_cv_env_DRI2PROTO_CFLAGS_set=
ac_cv_env_DRI2PROTO_CFLAGS_value=
ac_cv_env_DRI2PROTO_LIBS_set=
ac_cv_env_DRI2PROTO_LIBS_value=
ac_cv_env_DRIGL_CFLAGS_set=
ac_cv_env_DRIGL_CFLAGS_value=
ac_cv_env_DRIGL_LIBS_set=
ac_cv_env_DRIGL_LIBS_value=
ac_cv_env_EGL_CFLAGS_set=
ac_cv_env_EGL_CFLAGS_value=
ac_cv_env_EGL_LIBS_set=
ac_cv_env_EGL_LIBS_value=
ac_cv_env_EXTRA_LIB_PATH_set=
ac_cv_env_EXTRA_LIB_PATH_value=
ac_cv_env_GLUT_CFLAGS_set=
ac_cv_env_GLUT_CFLAGS_value=
ac_cv_env_GLUT_LIBS_set=
ac_cv_env_GLUT_LIBS_value=
ac_cv_env_GLW_CFLAGS_set=
ac_cv_env_GLW_CFLAGS_value=
ac_cv_env_GLW_LIBS_set=
ac_cv_env_GLW_LIBS_value=
ac_cv_env_LDFLAGS_set=set
ac_cv_env_LDFLAGS_value=-emit-llvm
ac_cv_env_LIBDRM_CFLAGS_set=
ac_cv_env_LIBDRM_CFLAGS_value=
ac_cv_env_LIBDRM_LIBS_set=
ac_cv_env_LIBDRM_LIBS_value=
ac_cv_env_LIBDRM_RADEON_CFLAGS_set=
ac_cv_env_LIBDRM_RADEON_CFLAGS_value=
ac_cv_env_LIBDRM_RADEON_LIBS_set=
ac_cv_env_LIBDRM_RADEON_LIBS_value=
ac_cv_env_LIBS_set=
ac_cv_env_LIBS_value=
ac_cv_env_MKLIB_OPTIONS_set=
ac_cv_env_MKLIB_OPTIONS_value=
ac_cv_env_OPT_FLAGS_set=
ac_cv_env_OPT_FLAGS_value=
ac_cv_env_PIC_FLAGS_set=
ac_cv_env_PIC_FLAGS_value=
ac_cv_env_PKG_CONFIG_set=
ac_cv_env_PKG_CONFIG_value=
ac_cv_env_X11_INCLUDES_set=
ac_cv_env_X11_INCLUDES_value=
ac_cv_env_XCB_CFLAGS_set=
ac_cv_env_XCB_CFLAGS_value=
ac_cv_env_XCB_LIBS_set=
ac_cv_env_XCB_LIBS_value=
ac_cv_env_XEXT_CFLAGS_set=
ac_cv_env_XEXT_CFLAGS_value=
ac_cv_env_XEXT_LIBS_set=
ac_cv_env_XEXT_LIBS_value=
ac_cv_env_XLIBGL_CFLAGS_set=
ac_cv_env_XLIBGL_CFLAGS_value=
ac_cv_env_XLIBGL_LIBS_set=
ac_cv_env_XLIBGL_LIBS_value=
ac_cv_env_XMKMF_set=
ac_cv_env_XMKMF_value=
ac_cv_env_XORG_CFLAGS_set=
ac_cv_env_XORG_CFLAGS_value=
ac_cv_env_XORG_LIBS_set=
ac_cv_env_XORG_LIBS_value=
ac_cv_env_build_alias_set=
ac_cv_env_build_alias_value=
ac_cv_env_host_alias_set=
ac_cv_env_host_alias_value=
ac_cv_env_target_alias_set=
ac_cv_env_target_alias_value=
ac_cv_exeext=.exe
ac_cv_func_connect=yes
ac_cv_func_dlopen=yes
ac_cv_func_gethostbyname=yes
ac_cv_func_posix_memalign=yes
ac_cv_func_remove=yes
ac_cv_func_shmat=yes
ac_cv_have_x='have_x=yes	ac_x_includes='\''/usr/X11/include'\''	ac_x_libraries='\''/usr/X11/lib'\'''
ac_cv_host=i386-unknown-freebsd6.2
ac_cv_lib_ICE_IceConnectionNumber=yes
ac_cv_objext=o
ac_cv_path_MKDEP=/usr/X11/bin/makedepend
ac_cv_path_SED=/usr/bin/sed
ac_cv_path_ac_pt_PKG_CONFIG=/opt/local/bin/pkg-config
ac_cv_path_install='/Users/edmcmanus/alchemy/v0.5/achacks/install -c'
ac_cv_prog_CPP='gcc -E'
ac_cv_prog_MAKE=make
ac_cv_prog_ac_ct_CC=gcc
ac_cv_prog_ac_ct_CXX=g++
ac_cv_prog_cc_c89=
ac_cv_prog_cc_g=yes
ac_cv_prog_cxx_g=yes

## ----------------- ##
## Output variables. ##
## ----------------- ##

APP_LIB_DEPS='  -L/usr/X11/lib -lX11 -lXext  -lm -lpthread -lstdc++  -L/usr/X11/lib -lXt -lX11  -L/usr/X11/lib -lX11 -lXmu -lXi -lm'
ARCH_FLAGS=''
ASM_FLAGS=''
CC='gcc'
CFLAGS='-emit-llvm -Wall -Wmissing-prototypes -std=c99 -ffast-math -fno-strict-aliasing'
CPP='gcc -E'
CPPFLAGS=''
CXX='g++'
CXXFLAGS='-g -O2 -Wall -fno-strict-aliasing'
DEFINES=' -DHAVE_POSIX_MEMALIGN -DUSE_XSHM'
DEFS='-DPACKAGE_NAME=\"Mesa\" -DPACKAGE_TARNAME=\"mesa\" -DPACKAGE_VERSION=\"7.7.0\" -DPACKAGE_STRING=\"Mesa\ 7.7.0\" -DPACKAGE_BUGREPORT=\"https://bugs.freedesktop.org/enter_bug.cgi\?product=Mesa\" -DPACKAGE_URL=\"\"'
DRI2PROTO_CFLAGS=''
DRI2PROTO_LIBS=''
DRIGL_CFLAGS=''
DRIGL_LIBS=''
DRIVER_DIRS='x11 osmesa'
DRI_DIRS='yes'
DRI_DRIVER_INSTALL_DIR='${libdir}/dri'
DRI_DRIVER_SEARCH_DIR='${DRI_DRIVER_INSTALL_DIR}'
DRI_LIB_DEPS=''
DRI_PC_REQ_PRIV=''
ECHO_C='\c'
ECHO_N=''
ECHO_T=''
EGL_CFLAGS=''
EGL_LIBS=''
EGL_LIB_DEPS=' -L/usr/X11/lib -lX11 '
EGREP=''
EXEEXT='.exe'
EXPAT_INCLUDES=''
EXTRA_LIB_PATH=''
GALLIUM_AUXILIARY_DIRS='rbug draw translate cso_cache pipebuffer tgsi sct rtasm util indices vl'
GALLIUM_DIRS='auxiliary drivers state_trackers'
GALLIUM_DRIVERS_DIRS='softpipe failover trace identity svga i915'
GALLIUM_STATE_TRACKERS_DIRS='glx'
GALLIUM_WINSYS_DIRS=' xlib'
GALLIUM_WINSYS_DRM_DIRS=''
GLAPI_ASM_SOURCES=''
GLUT_CFLAGS='-fexceptions'
GLUT_LIBS=''
GLUT_LIB_DEPS=''
GLUT_LIB_GLOB='lib$(GLUT_LIB).*a*'
GLUT_LIB_NAME='lib$(GLUT_LIB).a'
GLUT_MESA_DEPS=''
GLUT_PC_CFLAGS='  -I/usr/X11/include'
GLUT_PC_LIB_PRIV=' -L/usr/X11/lib -lX11 -lXmu -lXi -lm'
GLUT_PC_REQ_PRIV=''
GLU_DIRS='sgi'
GLU_LIB_DEPS=''
GLU_LIB_GLOB='lib$(GLU_LIB).*a*'
GLU_LIB_NAME='lib$(GLU_LIB).a'
GLU_MESA_DEPS=''
GLU_PC_CFLAGS=''
GLU_PC_LIB_PRIV='-lm '
GLU_PC_REQ='gl'
GLU_PC_REQ_PRIV=''
GLW_CFLAGS=''
GLW_LIBS=''
GLW_LIB_DEPS=''
GLW_LIB_GLOB='lib$(GLW_LIB).*a*'
GLW_LIB_NAME='lib$(GLW_LIB).a'
GLW_MESA_DEPS=''
GLW_PC_CFLAGS='  -I/usr/X11/include'
GLW_PC_LIB_PRIV=' -L/usr/X11/lib -lXt -lX11'
GLW_PC_REQ_PRIV=''
GLW_SOURCES='GLwDrawA.c'
GL_LIB_DEPS=''
GL_LIB_GLOB='lib$(GL_LIB).*a*'
GL_LIB_NAME='lib$(GL_LIB).a'
GL_PC_CFLAGS='  -I/usr/X11/include'
GL_PC_LIB_PRIV=' -L/usr/X11/lib -lX11 -lXext  -lm -lpthread'
GL_PC_REQ_PRIV=''
GREP=''
INSTALL_DATA='${INSTALL} -m 644'
INSTALL_PROGRAM='${INSTALL}'
INSTALL_SCRIPT='${INSTALL}'
LDFLAGS='-emit-llvm'
LIBDRM_CFLAGS=''
LIBDRM_LIBS=''
LIBDRM_RADEON_CFLAGS=''
LIBDRM_RADEON_LIBS=''
LIBOBJS=''
LIBS=''
LIB_DIR='lib'
LTLIBOBJS=''
MAKE='make'
MESA_ASM_SOURCES=''
MKDEP='/usr/X11/bin/makedepend'
MKDEP_OPTIONS='-fdepend'
MKLIB_OPTIONS=' -static'
MOTIF_CFLAGS=''
MOTIF_CONFIG=''
OBJEXT='o'
OPT_FLAGS=''
OSMESA_LIB='OSMesa'
OSMESA_LIB_DEPS=''
OSMESA_LIB_GLOB='lib$(OSMESA_LIB).*a*'
OSMESA_LIB_NAME='lib$(OSMESA_LIB).a'
OSMESA_MESA_DEPS=''
OSMESA_PC_LIB_PRIV=''
OSMESA_PC_REQ='gl'
PACKAGE_BUGREPORT='https://bugs.freedesktop.org/enter_bug.cgi?product=Mesa'
PACKAGE_NAME='Mesa'
PACKAGE_STRING='Mesa 7.7.0'
PACKAGE_TARNAME='mesa'
PACKAGE_URL=''
PACKAGE_VERSION='7.7.0'
PATH_SEPARATOR=':'
PIC_FLAGS=''
PKG_CONFIG='/opt/local/bin/pkg-config'
POSIX_SHELL=''
PROGRAM_DIRS='xdemos demos redbook samples glsl'
RADEON_CFLAGS=''
RADEON_LDFLAGS=''
SED='/usr/bin/sed'
SHELL='/bin/sh'
SRC_DIRS='mesa glew egl glu glw glut/glx gallium gallium/winsys'
USING_EGL='0'
WINDOW_SYSTEM=''
X11_INCLUDES='  -I/usr/X11/include'
XCB_CFLAGS=''
XCB_LIBS=''
XEXT_CFLAGS=''
XEXT_LIBS=''
XLIBGL_CFLAGS=''
XLIBGL_LIBS=''
XMKMF=''
XORG_CFLAGS=''
XORG_DRIVER_INSTALL_DIR='${exec_prefix}/lib/xorg/modules/drivers'
XORG_LIBS=''
X_CFLAGS=' -I/usr/X11/include'
X_EXTRA_LIBS=''
X_LIBS=' -L/usr/X11/lib'
X_PRE_LIBS=' -lSM -lICE'
ac_ct_CC='gcc'
ac_ct_CXX='g++'
bindir='${exec_prefix}/bin'
build='i386-unknown-freebsd6.2'
build_alias=''
build_cpu='i386'
build_os='freebsd6.2'
build_vendor='unknown'
datadir='${datarootdir}'
datarootdir='${prefix}/share'
docdir='${datarootdir}/doc/${PACKAGE_TARNAME}'
dvidir='${docdir}'
exec_prefix='${prefix}'
host='i386-unknown-freebsd6.2'
host_alias=''
host_cpu='i386'
host_os='freebsd6.2'
host_vendor='unknown'
htmldir='${docdir}'
includedir='${prefix}/include'
infodir='${datarootdir}/info'
libdir='${exec_prefix}/lib'
libexecdir='${exec_prefix}/libexec'
localedir='${datarootdir}/locale'
localstatedir='${prefix}/var'
mandir='${datarootdir}/man'
oldincludedir='/usr/include'
pdfdir='${docdir}'
prefix='/Users/edmcmanus/alchemy/v0.5/usr/local'
program_transform_name='s,x,x,'
psdir='${docdir}'
sbindir='${exec_prefix}/sbin'
sharedstatedir='${prefix}/com'
sysconfdir='${prefix}/etc'
target_alias=''

## ----------- ##
## confdefs.h. ##
## ----------- ##

/* confdefs.h */
#define PACKAGE_NAME "Mesa"
#define PACKAGE_TARNAME "mesa"
#define PACKAGE_VERSION "7.7.0"
#define PACKAGE_STRING "Mesa 7.7.0"
#define PACKAGE_BUGREPORT "https://bugs.freedesktop.org/enter_bug.cgi?product=Mesa"
#define PACKAGE_URL ""

configure: exit 0
